<?xml version="1.0" encoding="UTF-8"?>
<testsuite name="com.kodilla.stream.array.ArrayOperationsTestSuite" tests="1" skipped="0" failures="0" errors="0" timestamp="2018-09-09T15:33:13" hostname="DESKTOP-5T7H85E" time="0.01">
  <properties/>
  <testcase name="testGetAverage" classname="com.kodilla.stream.array.ArrayOperationsTestSuite" time="0.01"/>
  <system-out><![CDATA[0
1
2
3
4
5
6
7
8
9
30
11
12
13
40
15
16
17
18
19
]]></system-out>
  <system-err><![CDATA[]]></system-err>
</testsuite>
