<?xml version="1.0" encoding="UTF-8"?>
<testsuite name="com.kodilla.patterns.builder.bigmac.BigmacTestSuite" tests="1" skipped="0" failures="0" errors="0" timestamp="2019-10-30T12:08:28" hostname="DESKTOP-5T7H85E" time="0.006">
  <properties/>
  <testcase name="testBigMacNew" classname="com.kodilla.patterns.builder.bigmac.BigmacTestSuite" time="0.006"/>
  <system-out><![CDATA[BigMac{bun='sesame', burgers=5, sauce='sweet chilli', ingredients=[onion, pickles, garlic, extra cabanero sauce, jalapeno pepper, cheddar cheese]}
]]></system-out>
  <system-err><![CDATA[]]></system-err>
</testsuite>
