<?xml version="1.0" encoding="UTF-8"?>
<testsuite name="com.kodilla.patterns.builder.checkers.CheckersTestSuite" tests="1" skipped="0" failures="0" errors="0" timestamp="2019-10-30T12:08:28" hostname="DESKTOP-5T7H85E" time="0.015">
  <properties/>
  <testcase name="testCheckersBuilder" classname="com.kodilla.patterns.builder.checkers.CheckersTestSuite" time="0.015"/>
  <system-out><![CDATA[|  |  |wQ|wP|  |  |  |  |  |  |
|  |  |  |  |  |  |  |  |  |  |
|  |  |  |  |  |  |  |  |  |  |
|  |  |  |  |  |  |  |  |  |  |
|  |  |  |  |  |  |  |  |  |  |
|  |  |  |  |  |  |  |  |  |  |
|  |  |  |  |  |  |  |  |  |  |
|  |  |  |  |  |  |  |  |  |  |
|  |  |  |  |  |  |  |  |  |  |
|  |  |  |  |  |  |  |bP|  |  |

]]></system-out>
  <system-err><![CDATA[]]></system-err>
</testsuite>
