<?xml version="1.0" encoding="UTF-8"?>
<testsuite name="com.kodilla.patterns.builder.pizza.PizzaTestSuite" tests="1" skipped="0" failures="0" errors="0" timestamp="2019-10-30T12:08:28" hostname="DESKTOP-5T7H85E" time="0.004">
  <properties/>
  <testcase name="testPizzaNew" classname="com.kodilla.patterns.builder.pizza.PizzaTestSuite" time="0.004"/>
  <system-out><![CDATA[Pizza{bottom='Thin', sauce='Spicy', ingredients=[Onion, Ham, Mushrooms]}
]]></system-out>
  <system-err><![CDATA[]]></system-err>
</testsuite>
