<?xml version="1.0" encoding="UTF-8"?>
<testsuite name="Testing" tests="1" skipped="0" failures="0" errors="0" timestamp="2019-10-30T12:08:26" hostname="DESKTOP-5T7H85E" time="0.003">
  <properties/>
  <testcase name="testOdd" classname="Testing" time="0.003"/>
  <system-out><![CDATA[]]></system-out>
  <system-err><![CDATA[]]></system-err>
</testsuite>
