<?xml version="1.0" encoding="UTF-8"?>
<testsuite name="com.kodilla.jdbc.StoredProcTestSuite" tests="1" skipped="0" failures="0" errors="0" timestamp="2018-12-13T15:56:31" hostname="DESKTOP-5T7H85E" time="0.133">
  <properties/>
  <testcase name="testUpdateVipLevels" classname="com.kodilla.jdbc.StoredProcTestSuite" time="0.133"/>
  <system-out><![CDATA[]]></system-out>
  <system-err><![CDATA[]]></system-err>
</testsuite>
